<?xml version="1.0" encoding="UTF-8"?>
<!-- Generated by org.testng.reporters.JUnitXMLReporter -->
<testsuite hostname="GRA" ignored="0" name="Test" tests="4" failures="0" timestamp="24 Jun 2020 20:43:00 GMT" time="0.028" errors="0">
  <testcase name="deleteTwitter" time="0.005" classname="maven_tutorial.Mavenjava.RESTAPITest"/>
  <testcase name="postJira" time="0.001" classname="maven_tutorial.Mavenjava.RESTAPITest"/>
  <testcase name="BrowserAutomation" time="0.0" classname="maven_tutorial.Mavenjava.SeleniumTest"/>
  <testcase name="elements" time="0.0" classname="maven_tutorial.Mavenjava.SeleniumTest"/>
</testsuite> <!-- Test -->
