<?xml version="1.0" encoding="UTF-8"?>
<testng-results skipped="0" failed="0" ignored="0" total="4" passed="4">
  <reporter-output>
  </reporter-output>
  <suite name="Suite" duration-ms="28" started-at="2020-06-24T20:43:00Z" finished-at="2020-06-24T20:43:00Z">
    <groups>
    </groups>
    <test name="Test" duration-ms="28" started-at="2020-06-24T20:43:00Z" finished-at="2020-06-24T20:43:00Z">
      <class name="maven_tutorial.Mavenjava.SeleniumTest">
        <test-method status="PASS" signature="BrowserAutomation()[pri:0, instance:maven_tutorial.Mavenjava.SeleniumTest@351d0846]" name="BrowserAutomation" duration-ms="0" started-at="2020-06-24T20:43:00Z" finished-at="2020-06-24T20:43:00Z">
          <reporter-output>
          </reporter-output>
        </test-method> <!-- BrowserAutomation -->
        <test-method status="PASS" signature="elements()[pri:0, instance:maven_tutorial.Mavenjava.SeleniumTest@351d0846]" name="elements" duration-ms="0" started-at="2020-06-24T20:43:00Z" finished-at="2020-06-24T20:43:00Z">
          <reporter-output>
          </reporter-output>
        </test-method> <!-- elements -->
      </class> <!-- maven_tutorial.Mavenjava.SeleniumTest -->
      <class name="maven_tutorial.Mavenjava.RESTAPITest">
        <test-method status="PASS" signature="deleteTwitter()[pri:0, instance:maven_tutorial.Mavenjava.RESTAPITest@4461c7e3]" name="deleteTwitter" duration-ms="5" started-at="2020-06-24T20:43:00Z" finished-at="2020-06-24T20:43:00Z">
          <reporter-output>
          </reporter-output>
        </test-method> <!-- deleteTwitter -->
        <test-method status="PASS" signature="postJira()[pri:0, instance:maven_tutorial.Mavenjava.RESTAPITest@4461c7e3]" name="postJira" duration-ms="1" started-at="2020-06-24T20:43:00Z" finished-at="2020-06-24T20:43:00Z">
          <reporter-output>
          </reporter-output>
        </test-method> <!-- postJira -->
      </class> <!-- maven_tutorial.Mavenjava.RESTAPITest -->
    </test> <!-- Test -->
  </suite> <!-- Suite -->
</testng-results>
